Release 14.1 - xst P.15xf (nt64)
Copyright (c) 1995-2012 Xilinx, Inc.  All rights reserved.
--> Parameter TMPDIR set to xst/projnav.tmp


Total REAL time to Xst completion: 1.00 secs
Total CPU time to Xst completion: 0.42 secs
 
--> Parameter xsthdpdir set to xst


Total REAL time to Xst completion: 1.00 secs
Total CPU time to Xst completion: 0.43 secs
 
--> Reading design: CPUMain.prj

TABLE OF CONTENTS
  1) Synthesis Options Summary
  2) HDL Parsing
  3) HDL Elaboration
  4) HDL Synthesis
       4.1) HDL Synthesis Report
  5) Advanced HDL Synthesis
       5.1) Advanced HDL Synthesis Report
  6) Low Level Synthesis
  7) Partition Report
  8) Design Summary
       8.1) Primitive and Black Box Usage
       8.2) Device utilization summary
       8.3) Partition Resource Summary
       8.4) Timing Report
            8.4.1) Clock Information
            8.4.2) Asynchronous Control Signals Information
            8.4.3) Timing Summary
            8.4.4) Timing Details
            8.4.5) Cross Clock Domains Report


=========================================================================
*                      Synthesis Options Summary                        *
=========================================================================
---- Source Parameters
Input File Name                    : "CPUMain.prj"
Ignore Synthesis Constraint File   : NO

---- Target Parameters
Output File Name                   : "CPUMain"
Output Format                      : NGC
Target Device                      : xa7a100t-2I-csg324

---- Source Options
Top Module Name                    : CPUMain
Automatic FSM Extraction           : YES
FSM Encoding Algorithm             : Auto
Safe Implementation                : No
FSM Style                          : LUT
RAM Extraction                     : Yes
RAM Style                          : Auto
ROM Extraction                     : Yes
Shift Register Extraction          : YES
ROM Style                          : Auto
Resource Sharing                   : YES
Asynchronous To Synchronous        : NO
Shift Register Minimum Size        : 2
Use DSP Block                      : Auto
Automatic Register Balancing       : No

---- Target Options
LUT Combining                      : Auto
Reduce Control Sets                : Auto
Add IO Buffers                     : YES
Global Maximum Fanout              : 100000
Add Generic Clock Buffer(BUFG)     : 32
Register Duplication               : YES
Optimize Instantiated Primitives   : NO
Use Clock Enable                   : Auto
Use Synchronous Set                : Auto
Use Synchronous Reset              : Auto
Pack IO Registers into IOBs        : Auto
Equivalent register Removal        : YES

---- General Options
Optimization Goal                  : Speed
Optimization Effort                : 1
Power Reduction                    : NO
Keep Hierarchy                     : No
Netlist Hierarchy                  : As_Optimized
RTL Output                         : Yes
Global Optimization                : AllClockNets
Read Cores                         : YES
Write Timing Constraints           : NO
Cross Clock Analysis               : NO
Hierarchy Separator                : /
Bus Delimiter                      : <>
Case Specifier                     : Maintain
Slice Utilization Ratio            : 100
BRAM Utilization Ratio             : 100
DSP48 Utilization Ratio            : 100
Auto BRAM Packing                  : NO
Slice Utilization Ratio Delta      : 5

=========================================================================


=========================================================================
*                          HDL Parsing                                  *
=========================================================================
Analyzing Verilog file "C:\Users\JuanCarlos\Projects\GitHub\ComputerOrganizarionProjects\AluWithRegisterFile\RegFile.v" into library work
Parsing module <RegFile4Bit>.
Analyzing Verilog file "C:\Users\JuanCarlos\Projects\GitHub\ComputerOrganizarionProjects\AluWithRegisterFile\Alu.v" into library work
Parsing module <Alu4Bit>.
Analyzing Verilog file "C:\Users\JuanCarlos\Projects\GitHub\ComputerOrganizarionProjects\AluWithRegisterFile\CPUMain.v" into library work
Parsing module <CPUMain>.

=========================================================================
*                            HDL Elaboration                            *
=========================================================================

Elaborating module <CPUMain>.

Elaborating module <RegFile4Bit>.
WARNING:HDLCompiler:189 - "C:\Users\JuanCarlos\Projects\GitHub\ComputerOrganizarionProjects\AluWithRegisterFile\CPUMain.v" Line 21: Size mismatch in connection of port <reg_write>. Formal port size is 1-bit while actual signal size is 32-bit.

Elaborating module <Alu4Bit>.

=========================================================================
*                           HDL Synthesis                               *
=========================================================================

Synthesizing Unit <CPUMain>.
    Related source file is "C:\Users\JuanCarlos\Projects\GitHub\ComputerOrganizarionProjects\AluWithRegisterFile\CPUMain.v".
    Summary:
	inferred   1 Multiplexer(s).
Unit <CPUMain> synthesized.

Synthesizing Unit <RegFile4Bit>.
    Related source file is "C:\Users\JuanCarlos\Projects\GitHub\ComputerOrganizarionProjects\AluWithRegisterFile\RegFile.v".
    Found 4x4-bit dual-port RAM <Mram_registers> for signal <registers>.
    Summary:
	inferred   2 RAM(s).
Unit <RegFile4Bit> synthesized.

Synthesizing Unit <Alu4Bit>.
    Related source file is "C:\Users\JuanCarlos\Projects\GitHub\ComputerOrganizarionProjects\AluWithRegisterFile\Alu.v".
        ADD = 2'b00
        SUB = 2'b01
        AND = 2'b10
        OR = 2'b11
    Found 4-bit subtractor for signal <op1[3]_op2[3]_sub_2_OUT> created at line 17.
    Found 4-bit adder for signal <op1[3]_op2[3]_add_0_OUT> created at line 16.
    Found 4-bit 4-to-1 multiplexer for signal <result> created at line 15.
    Summary:
	inferred   1 Adder/Subtractor(s).
	inferred   2 Multiplexer(s).
Unit <Alu4Bit> synthesized.

=========================================================================
HDL Synthesis Report

Macro Statistics
# RAMs                                                 : 2
 4x4-bit dual-port RAM                                 : 2
# Adders/Subtractors                                   : 1
 4-bit addsub                                          : 1
# Multiplexers                                         : 3
 4-bit 2-to-1 multiplexer                              : 3

=========================================================================
INFO:Xst:1767 - HDL ADVISOR - Resource sharing has identified that some arithmetic operations in this design can share the same physical resources for reduced device utilization. For improved clock frequency you may try to disable resource sharing.

=========================================================================
*                       Advanced HDL Synthesis                          *
=========================================================================

WARNING:Xst - The specified part-type was not generated at build time. XST is loading the full part-type and will therefore consume more CPU and memory.
Loading device for application Rf_Device from file '7a100t.nph' in environment C:\Xilinx\14.1\ISE_DS\ISE\.
Loading device for application Rf_Device from file '7a100t.nph' in environment C:\Xilinx\14.1\ISE_DS\ISE\.

Synthesizing (advanced) Unit <RegFile4Bit>.
INFO:Xst:3218 - HDL ADVISOR - The RAM <Mram_registers> will be implemented on LUTs either because you have described an asynchronous read or because of currently unsupported block RAM features. If you have described an asynchronous read, making it synchronous would allow you to take advantage of available block RAM resources, for optimized device usage and improved timings. Please refer to your documentation for coding guidelines.
    -----------------------------------------------------------------------
    | ram_type           | Distributed                         |          |
    -----------------------------------------------------------------------
    | Port A                                                              |
    |     aspect ratio   | 4-word x 4-bit                      |          |
    |     clkA           | connected to signal <clk>           | rise     |
    |     weA            | connected to signal <VCC>           | high     |
    |     addrA          | connected to signal <write_addr>    |          |
    |     diA            | connected to signal <write_data>    |          |
    -----------------------------------------------------------------------
    | Port B                                                              |
    |     aspect ratio   | 4-word x 4-bit                      |          |
    |     addrB          | connected to signal <read_addr1>    |          |
    |     doB            | connected to signal <read_data1>    |          |
    -----------------------------------------------------------------------
INFO:Xst:3218 - HDL ADVISOR - The RAM <Mram_registers1> will be implemented on LUTs either because you have described an asynchronous read or because of currently unsupported block RAM features. If you have described an asynchronous read, making it synchronous would allow you to take advantage of available block RAM resources, for optimized device usage and improved timings. Please refer to your documentation for coding guidelines.
    -----------------------------------------------------------------------
    | ram_type           | Distributed                         |          |
    -----------------------------------------------------------------------
    | Port A                                                              |
    |     aspect ratio   | 4-word x 4-bit                      |          |
    |     clkA           | connected to signal <clk>           | rise     |
    |     weA            | connected to signal <VCC>           | high     |
    |     addrA          | connected to signal <write_addr>    |          |
    |     diA            | connected to signal <write_data>    |          |
    -----------------------------------------------------------------------
    | Port B                                                              |
    |     aspect ratio   | 4-word x 4-bit                      |          |
    |     addrB          | connected to signal <read_addr2>    |          |
    |     doB            | connected to signal <read_data2>    |          |
    -----------------------------------------------------------------------
Unit <RegFile4Bit> synthesized (advanced).

=========================================================================
Advanced HDL Synthesis Report

Macro Statistics
# RAMs                                                 : 2
 4x4-bit dual-port distributed RAM                     : 2
# Adders/Subtractors                                   : 1
 4-bit addsub                                          : 1
# Multiplexers                                         : 3
 4-bit 2-to-1 multiplexer                              : 3

=========================================================================

=========================================================================
*                         Low Level Synthesis                           *
=========================================================================

Optimizing unit <CPUMain> ...

Optimizing unit <Alu4Bit> ...

Mapping all equations...
Building and optimizing final netlist ...
Found area constraint ratio of 100 (+ 5) on block CPUMain, actual ratio is 0.

Final Macro Processing ...

=========================================================================
Final Register Report

Found no macro
=========================================================================

=========================================================================
*                           Partition Report                            *
=========================================================================

Partition Implementation Status
-------------------------------

  No Partitions were found in this design.

-------------------------------

=========================================================================
*                            Design Summary                             *
=========================================================================

Top Level Output File Name         : CPUMain.ngc

Primitive and Black Box Usage:
------------------------------
# BELS                             : 14
#      GND                         : 1
#      LUT3                        : 3
#      LUT5                        : 3
#      LUT6                        : 5
#      MUXF7                       : 1
#      VCC                         : 1
# RAMS                             : 8
#      RAM32X1D                    : 8
# Clock Buffers                    : 1
#      BUFGP                       : 1
# IO Buffers                       : 17
#      IBUF                        : 13
#      OBUF                        : 4

Device utilization summary:
---------------------------

Selected Device : xa7a100tcsg324-2i 


Slice Logic Utilization: 
 Number of Slice LUTs:                   27  out of  63400     0%  
    Number used as Logic:                11  out of  63400     0%  
    Number used as Memory:               16  out of  19000     0%  
       Number used as RAM:               16

Slice Logic Distribution: 
 Number of LUT Flip Flop pairs used:     27
   Number with an unused Flip Flop:      27  out of     27   100%  
   Number with an unused LUT:             0  out of     27     0%  
   Number of fully used LUT-FF pairs:     0  out of     27     0%  
   Number of unique control sets:         0

IO Utilization: 
 Number of IOs:                          18
 Number of bonded IOBs:                  18  out of    210     8%  

Specific Feature Utilization:
 Number of BUFG/BUFGCTRLs:                1  out of     32     3%  

---------------------------
Partition Resource Summary:
---------------------------

  No Partitions were found in this design.

---------------------------


=========================================================================
Timing Report

NOTE: THESE TIMING NUMBERS ARE ONLY A SYNTHESIS ESTIMATE.
      FOR ACCURATE TIMING INFORMATION PLEASE REFER TO THE TRACE REPORT
      GENERATED AFTER PLACE-and-ROUTE.

Clock Information:
------------------
-----------------------------------+------------------------+-------+
Clock Signal                       | Clock buffer(FF name)  | Load  |
-----------------------------------+------------------------+-------+
clk                                | BUFGP                  | 8     |
-----------------------------------+------------------------+-------+

Asynchronous Control Signals Information:
----------------------------------------
No asynchronous control signals found in this design

Timing Summary:
---------------
Speed Grade: -2

   Minimum period: 2.699ns (Maximum Frequency: 370.446MHz)
   Minimum input arrival time before clock: 2.292ns
   Maximum output required time after clock: 1.224ns
   Maximum combinational path delay: 0.816ns

Timing Details:
---------------
All values displayed in nanoseconds (ns)

=========================================================================
Timing constraint: Default period analysis for Clock 'clk'
  Clock period: 2.699ns (frequency: 370.446MHz)
  Total number of paths / destination ports: 60 / 8
-------------------------------------------------------------------------
Delay:               2.699ns (Levels of Logic = 3)
  Source:            RF1/Mram_registers12 (RAM)
  Destination:       RF1/Mram_registers14 (RAM)
  Source Clock:      clk rising
  Destination Clock: clk rising

  Data Path: RF1/Mram_registers12 to RF1/Mram_registers14
                                Gate     Net
    Cell:in->out      fanout   Delay   Delay  Logical Name (Net Name)
    ----------------------------------------  ------------
     RAM32X1D:WCLK->DPO    2   0.862   0.621  RF1/Mram_registers12 (rd2<1>)
     LUT5:I1->O            3   0.097   0.367  ALU1/Mmux_result1_rs_cy<1>11 (ALU1/Mmux_result1_rs_cy<1>)
     LUT5:I4->O            1   0.097   0.439  Mmux_wd42_SW1 (N7)
     LUT6:I4->O            2   0.097   0.000  Mmux_wd43 (wd<3>)
     RAM32X1D:D                0.119          RF1/Mram_registers14
    ----------------------------------------
    Total                      2.699ns (1.272ns logic, 1.427ns route)
                                       (47.1% logic, 52.9% route)

=========================================================================
Timing constraint: Default OFFSET IN BEFORE for Clock 'clk'
  Total number of paths / destination ports: 206 / 40
-------------------------------------------------------------------------
Offset:              2.292ns (Levels of Logic = 5)
  Source:            readAddr2<0> (PAD)
  Destination:       RF1/Mram_registers14 (RAM)
  Destination Clock: clk rising

  Data Path: readAddr2<0> to RF1/Mram_registers14
                                Gate     Net
    Cell:in->out      fanout   Delay   Delay  Logical Name (Net Name)
    ----------------------------------------  ------------
     IBUF:I->O             4   0.001   0.356  readAddr2_0_IBUF (readAddr2_0_IBUF)
     RAM32X1D:DPRA0->DPO    2   0.097   0.621  RF1/Mram_registers12 (rd2<1>)
     LUT5:I1->O            3   0.097   0.367  ALU1/Mmux_result1_rs_cy<1>11 (ALU1/Mmux_result1_rs_cy<1>)
     LUT5:I4->O            1   0.097   0.439  Mmux_wd42_SW1 (N7)
     LUT6:I4->O            2   0.097   0.000  Mmux_wd43 (wd<3>)
     RAM32X1D:D                0.119          RF1/Mram_registers14
    ----------------------------------------
    Total                      2.292ns (0.508ns logic, 1.784ns route)
                                       (22.2% logic, 77.8% route)

=========================================================================
Timing constraint: Default OFFSET OUT AFTER for Clock 'clk'
  Total number of paths / destination ports: 4 / 4
-------------------------------------------------------------------------
Offset:              1.224ns (Levels of Logic = 1)
  Source:            RF1/Mram_registers3 (RAM)
  Destination:       readData1<2> (PAD)
  Source Clock:      clk rising

  Data Path: RF1/Mram_registers3 to readData1<2>
                                Gate     Net
    Cell:in->out      fanout   Delay   Delay  Logical Name (Net Name)
    ----------------------------------------  ------------
     RAM32X1D:WCLK->DPO    5   0.862   0.362  RF1/Mram_registers3 (readData1_2_OBUF)
     OBUF:I->O                 0.000          readData1_2_OBUF (readData1<2>)
    ----------------------------------------
    Total                      1.224ns (0.862ns logic, 0.362ns route)
                                       (70.4% logic, 29.6% route)

=========================================================================
Timing constraint: Default path analysis
  Total number of paths / destination ports: 8 / 4
-------------------------------------------------------------------------
Delay:               0.816ns (Levels of Logic = 3)
  Source:            readAddr1<0> (PAD)
  Destination:       readData1<2> (PAD)

  Data Path: readAddr1<0> to readData1<2>
                                Gate     Net
    Cell:in->out      fanout   Delay   Delay  Logical Name (Net Name)
    ----------------------------------------  ------------
     IBUF:I->O             4   0.001   0.356  readAddr1_0_IBUF (readAddr1_0_IBUF)
     RAM32X1D:DPRA0->DPO    5   0.097   0.362  RF1/Mram_registers3 (readData1_2_OBUF)
     OBUF:I->O                 0.000          readData1_2_OBUF (readData1<2>)
    ----------------------------------------
    Total                      0.816ns (0.098ns logic, 0.718ns route)
                                       (12.0% logic, 88.0% route)

=========================================================================

Cross Clock Domains Report:
--------------------------

Clock to Setup on destination clock clk
---------------+---------+---------+---------+---------+
               | Src:Rise| Src:Fall| Src:Rise| Src:Fall|
Source Clock   |Dest:Rise|Dest:Rise|Dest:Fall|Dest:Fall|
---------------+---------+---------+---------+---------+
clk            |    2.699|         |         |         |
---------------+---------+---------+---------+---------+

=========================================================================


Total REAL time to Xst completion: 80.00 secs
Total CPU time to Xst completion: 79.28 secs
 
--> 

Total memory usage is 751492 kilobytes

Number of errors   :    0 (   0 filtered)
Number of warnings :    2 (   0 filtered)
Number of infos    :    3 (   0 filtered)

