#-----------------------------------------------------------
# PlanAhead v14.1 (64-bit)
# Build 179419 by xbuild on Thu Apr 26 11:43:29 MDT 2012
# Start of session at: Sat Aug 23 21:31:32 2014
# Process ID: 3856
# Log file: C:/Users/JuanCarlos/Projects/GitHub/ComputerOrganizarionProjects/BehavioralModeling_Deras/planAhead_run_1/planAhead.log
# Journal file: C:/Users/JuanCarlos/Projects/GitHub/ComputerOrganizarionProjects/BehavioralModeling_Deras/planAhead_run_1/planAhead.jou
#-----------------------------------------------------------
INFO: [Device-36] Loading parts and site information from C:/Xilinx/14.1/ISE_DS/PlanAhead/data/parts/arch.xml
Parsing RTL primitives file [C:/Xilinx/14.1/ISE_DS/PlanAhead/data/parts/xilinx/rtl/prims/rtl_prims.xml]
Finished parsing RTL primitives file [C:/Xilinx/14.1/ISE_DS/PlanAhead/data/parts/xilinx/rtl/prims/rtl_prims.xml]
start_gui
source C:/Users/JuanCarlos/Projects/GitHub/ComputerOrganizarionProjects/BehavioralModeling_Deras/pa.fromHdl.tcl
# create_project -name BehavioralModeling_Deras -dir "C:/Users/JuanCarlos/Projects/GitHub/ComputerOrganizarionProjects/BehavioralModeling_Deras/planAhead_run_1" -part xc3s500eft256-5
Parsing template File [C:/Xilinx/14.1/ISE_DS/ISE\data\projnav\templates\verilog.xml].
Finished parsing template File [C:/Xilinx/14.1/ISE_DS/ISE\data\projnav\templates\verilog.xml].
Parsing template File [C:/Xilinx/14.1/ISE_DS/ISE\data\projnav\templates\vhdl.xml].
Finished parsing template File [C:/Xilinx/14.1/ISE_DS/ISE\data\projnav\templates\vhdl.xml].
Parsing template File [C:/Xilinx/14.1/ISE_DS/ISE\data\projnav\templates\ucf.xml].
Finished parsing template File [C:/Xilinx/14.1/ISE_DS/ISE\data\projnav\templates\ucf.xml].
create_project: Time (s): elapsed = 00:00:07 . Memory (MB): peak = 330.320 ; gain = 54.016
# set_param project.pinAheadLayout yes
# set srcset [get_property srcset [current_run -impl]]
# set_property target_constrs_file "behavioral_top.ucf" [current_fileset -constrset]
Adding file 'C:\Users\JuanCarlos\Projects\GitHub\ComputerOrganizarionProjects\BehavioralModeling_Deras\behavioral_top.ucf' to fileset 'constrs_1'
# set hdlfile [add_files [list {seven_segment.v}]]
# set_property file_type Verilog $hdlfile
# set_property library work $hdlfile
# set hdlfile [add_files [list {input_detect.v}]]
# set_property file_type Verilog $hdlfile
# set_property library work $hdlfile
# set hdlfile [add_files [list {adder.v}]]
# set_property file_type Verilog $hdlfile
# set_property library work $hdlfile
# set hdlfile [add_files [list {behavioral_top.v}]]
# set_property file_type Verilog $hdlfile
# set_property library work $hdlfile
# set_property top behavioral_top $srcset
# add_files [list {behavioral_top.ucf}] -fileset [get_property constrset [current_run]]
# open_rtl_design -part xc3s500eft256-5
Using Verific elaboration
Parsing VHDL file "C:/Xilinx/14.1/ISE_DS/PlanAhead/data\parts\xilinx\rtl\lib\synplify\synattr.vhd" into library synplify
Analyzing Verilog file "C:\Users\JuanCarlos\Projects\GitHub\ComputerOrganizarionProjects\BehavioralModeling_Deras\seven_segment.v" into library work
Analyzing Verilog file "C:\Users\JuanCarlos\Projects\GitHub\ComputerOrganizarionProjects\BehavioralModeling_Deras\input_detect.v" into library work
Analyzing Verilog file "C:\Users\JuanCarlos\Projects\GitHub\ComputerOrganizarionProjects\BehavioralModeling_Deras\adder.v" into library work
Analyzing Verilog file "C:\Users\JuanCarlos\Projects\GitHub\ComputerOrganizarionProjects\BehavioralModeling_Deras\behavioral_top.v" into library work
INFO: [Project-86] Reading macro library C:/Xilinx/14.1/ISE_DS/PlanAhead/data\./parts/xilinx/spartan3e/spartan3e/hd_int_macros.edn
Parsing EDIF File [C:/Xilinx/14.1/ISE_DS/PlanAhead/data\./parts/xilinx/spartan3e/spartan3e/hd_int_macros.edn]
Finished Parsing EDIF File [C:/Xilinx/14.1/ISE_DS/PlanAhead/data\./parts/xilinx/spartan3e/spartan3e/hd_int_macros.edn]
Loading clock regions from C:/Xilinx/14.1/ISE_DS/PlanAhead/data\parts/xilinx/spartan3e/spartan3e/xc3s500e/ClockRegion.xml
Loading clock buffers from C:/Xilinx/14.1/ISE_DS/PlanAhead/data\parts/xilinx/spartan3e/spartan3e/xc3s500e/ClockBuffers.xml
Loading package from C:/Xilinx/14.1/ISE_DS/PlanAhead/data\parts/xilinx/spartan3e/spartan3e/xc3s500e/ft256/Package.xml
Loading io standards from C:/Xilinx/14.1/ISE_DS/PlanAhead/data\./parts/xilinx/spartan3e/IOStandards.xml
INFO: [Device-19] Loading pkg sso from C:/Xilinx/14.1/ISE_DS/PlanAhead/data\parts/xilinx/spartan3e/spartan3e/xc3s500e/ft256/SSORules.xml
Loading list of drcs for the architecture : C:/Xilinx/14.1/ISE_DS/PlanAhead/data\./parts/xilinx/spartan3e/spartan3e/drc.xml
INFO: [Timing-77] Reading timing library C:/Xilinx/14.1/ISE_DS/PlanAhead/data\parts/xilinx/spartan3e/spartan3e/spartan3e-5.lib.
INFO: [Timing-34] Done reading timing library C:/Xilinx/14.1/ISE_DS/PlanAhead/data\parts/xilinx/spartan3e/spartan3e/spartan3e-5.lib.
Parsing UCF File [C:\Users\JuanCarlos\Projects\GitHub\ComputerOrganizarionProjects\BehavioralModeling_Deras\behavioral_top.ucf]
Finished Parsing UCF File [C:\Users\JuanCarlos\Projects\GitHub\ComputerOrganizarionProjects\BehavioralModeling_Deras\behavioral_top.ucf]
INFO: [Project-111] Unisim Transformation Summary:
No Unisim elements were transformed.

INFO: [Project-176] Phase 0 Netlist Checksum: 32808d72 
open_rtl_design: Time (s): elapsed = 00:00:19 . Memory (MB): peak = 474.824 ; gain = 144.504
exit
INFO: [Common-206] Exiting PlanAhead...
INFO: [Common-83] Releasing license: PlanAhead
